Build started 2016/7/19 11:25:34.
     1>Project "E:\code_experiment\Cpp_code_experiment\try_qt_audio\qt_audio1.1\qt_audio\qt_audio.vcxproj" on node 2 (build target(s)).
     1>C:\Program Files\MSBuild\Microsoft.Cpp\v4.0\Microsoft.CppBuild.targets(298,5): warning MSB8004: Intermediate Directory does not end with a trailing slash.  This build instance will add the slash as it is required to allow proper evaluation of the Intermediate Directory.
     1>InitializeBuildStatus:
         Creating "Win32\Debug\qt_audio.unsuccessfulbuild" because "AlwaysCreate" was specified.
       CustomBuild:
         All outputs are up-to-date.
       ClCompile:
         c:\Program Files\Microsoft Visual Studio 10.0\VC\bin\CL.exe /c /ID:\Software\Qt\4.8.6\include\QtCore /ID:\Software\Qt\4.8.6\include\QtGui /ID:\Software\Qt\4.8.6\include\QtMultimedia /ID:\Software\Qt\4.8.6\include /ID:\Software\Qt\4.8.6\include\ActiveQt /Idebug /I. /ID:\Software\Qt\4.8.6\mkspecs\default /I.\GeneratedFiles /Zi /nologo /W3 /WX- /Od /Oy- /D _WINDOWS /D UNICODE /D WIN32 /D QT_DLL /D QT_MULTIMEDIA_LIB /D QT_GUI_LIB /D QT_CORE_LIB /D QT_HAVE_MMX /D QT_HAVE_3DNOW /D QT_HAVE_SSE /D QT_HAVE_MMXEXT /D QT_HAVE_SSE2 /D QT_THREAD_SUPPORT /Gm- /EHsc /MDd /GS /fp:precise /Zc:wchar_t- /Zc:forScope /GR /Fo"Win32\Debug\\" /Fd"Win32\Debug\vc100.pdb" /Gd /TP /analyze- /errorReport:prompt SoundProcessor.cpp -Zm200 -w34100 -w34189 
         SoundProcessor.cpp
       Link:
         c:\Program Files\Microsoft Visual Studio 10.0\VC\bin\link.exe /ERRORREPORT:PROMPT /OUT:"debug\\qt_audio.exe" /NOLOGO /LIBPATH:D:\Software\Qt\4.8.6\lib /LIBPATH:D:\Software\Qt\4.8.6\lib D:\Software\Qt\4.8.6\lib\qtmaind.lib D:\Software\Qt\4.8.6\lib\QtMultimediad4.lib D:\Software\Qt\4.8.6\lib\QtGuid4.lib D:\Software\Qt\4.8.6\lib\QtCored4.lib SoundTouchD.lib kernel32.lib user32.lib gdi32.lib winspool.lib comdlg32.lib advapi32.lib shell32.lib ole32.lib oleaut32.lib uuid.lib odbc32.lib odbccp32.lib /MANIFEST /ManifestFile:"Win32\Debug\qt_audio.exe.intermediate.manifest" /MANIFESTUAC:"level='asInvoker' uiAccess='false'" /DEBUG /PDB:"E:\code_experiment\Cpp_code_experiment\try_qt_audio\qt_audio1.1\qt_audio\debug\qt_audio.pdb" /SUBSYSTEM:WINDOWS /TLBID:1 /DYNAMICBASE /NXCOMPAT /MACHINE:X86 Win32\Debug\moc_widget.obj
         Win32\Debug\main.obj
         Win32\Debug\SoundProcessor.obj
         Win32\Debug\widget.obj "/MANIFESTDEPENDENCY:type='win32' name='Microsoft.Windows.Common-Controls' version='6.0.0.0' publicKeyToken='6595b64144ccf1df' language='*' processorArchitecture='*'" 
         LINK : debug\\qt_audio.exe not found or not built by the last incremental link; performing full link
     1>LINK : warning LNK4098: defaultlib 'LIBCMTD' conflicts with use of other libs; use /NODEFAULTLIB:library
     1>SoundTouchD.lib(AAFilter.obj) : warning LNK4099: PDB 'vc100.pdb' was not found with 'SoundTouchD.lib(AAFilter.obj)' or at 'E:\code_experiment\Cpp_code_experiment\try_qt_audio\qt_audio1.1\qt_audio\debug\vc100.pdb'; linking object as if no debug info
     1>SoundTouchD.lib(cpu_detect_x86.obj) : warning LNK4099: PDB 'vc100.pdb' was not found with 'SoundTouchD.lib(cpu_detect_x86.obj)' or at 'E:\code_experiment\Cpp_code_experiment\try_qt_audio\qt_audio1.1\qt_audio\debug\vc100.pdb'; linking object as if no debug info
     1>SoundTouchD.lib(FIFOSampleBuffer.obj) : warning LNK4099: PDB 'vc100.pdb' was not found with 'SoundTouchD.lib(FIFOSampleBuffer.obj)' or at 'E:\code_experiment\Cpp_code_experiment\try_qt_audio\qt_audio1.1\qt_audio\debug\vc100.pdb'; linking object as if no debug info
     1>SoundTouchD.lib(FIRFilter.obj) : warning LNK4099: PDB 'vc100.pdb' was not found with 'SoundTouchD.lib(FIRFilter.obj)' or at 'E:\code_experiment\Cpp_code_experiment\try_qt_audio\qt_audio1.1\qt_audio\debug\vc100.pdb'; linking object as if no debug info
     1>SoundTouchD.lib(InterpolateCubic.obj) : warning LNK4099: PDB 'vc100.pdb' was not found with 'SoundTouchD.lib(InterpolateCubic.obj)' or at 'E:\code_experiment\Cpp_code_experiment\try_qt_audio\qt_audio1.1\qt_audio\debug\vc100.pdb'; linking object as if no debug info
     1>SoundTouchD.lib(InterpolateLinear.obj) : warning LNK4099: PDB 'vc100.pdb' was not found with 'SoundTouchD.lib(InterpolateLinear.obj)' or at 'E:\code_experiment\Cpp_code_experiment\try_qt_audio\qt_audio1.1\qt_audio\debug\vc100.pdb'; linking object as if no debug info
     1>SoundTouchD.lib(InterpolateShannon.obj) : warning LNK4099: PDB 'vc100.pdb' was not found with 'SoundTouchD.lib(InterpolateShannon.obj)' or at 'E:\code_experiment\Cpp_code_experiment\try_qt_audio\qt_audio1.1\qt_audio\debug\vc100.pdb'; linking object as if no debug info
     1>SoundTouchD.lib(RateTransposer.obj) : warning LNK4099: PDB 'vc100.pdb' was not found with 'SoundTouchD.lib(RateTransposer.obj)' or at 'E:\code_experiment\Cpp_code_experiment\try_qt_audio\qt_audio1.1\qt_audio\debug\vc100.pdb'; linking object as if no debug info
     1>SoundTouchD.lib(SoundTouch.obj) : warning LNK4099: PDB 'vc100.pdb' was not found with 'SoundTouchD.lib(SoundTouch.obj)' or at 'E:\code_experiment\Cpp_code_experiment\try_qt_audio\qt_audio1.1\qt_audio\debug\vc100.pdb'; linking object as if no debug info
     1>SoundTouchD.lib(sse_optimized.obj) : warning LNK4099: PDB 'vc100.pdb' was not found with 'SoundTouchD.lib(sse_optimized.obj)' or at 'E:\code_experiment\Cpp_code_experiment\try_qt_audio\qt_audio1.1\qt_audio\debug\vc100.pdb'; linking object as if no debug info
     1>SoundTouchD.lib(TDStretch.obj) : warning LNK4099: PDB 'vc100.pdb' was not found with 'SoundTouchD.lib(TDStretch.obj)' or at 'E:\code_experiment\Cpp_code_experiment\try_qt_audio\qt_audio1.1\qt_audio\debug\vc100.pdb'; linking object as if no debug info
         qt_audio.vcxproj -> E:\code_experiment\Cpp_code_experiment\try_qt_audio\qt_audio1.1\qt_audio\debug\qt_audio.exe
       Manifest:
         c:\Program Files\Microsoft SDKs\Windows\v7.0A\bin\mt.exe /nologo /verbose /outputresource:"debug\\qt_audio.exe;#1" /manifest Win32\Debug\qt_audio.exe.intermediate.manifest
       FinalizeBuildStatus:
         Deleting file "Win32\Debug\qt_audio.unsuccessfulbuild".
         Touching "Win32\Debug\qt_audio.lastbuildstate".
     1>Done Building Project "E:\code_experiment\Cpp_code_experiment\try_qt_audio\qt_audio1.1\qt_audio\qt_audio.vcxproj" (build target(s)).

Build succeeded.

Time Elapsed 00:00:02.40
