E:\CODE_EXPERIMENT\CPP_CODE_EXPERIMENT\TRY_QT_AUDIO\QT_AUDIO1.1\QT_AUDIO\DEBUG\QT_AUDIO.EXE
E:\CODE_EXPERIMENT\CPP_CODE_EXPERIMENT\TRY_QT_AUDIO\QT_AUDIO1.1\QT_AUDIO\DEBUG\QT_AUDIO.ILK
E:\CODE_EXPERIMENT\CPP_CODE_EXPERIMENT\TRY_QT_AUDIO\QT_AUDIO1.1\QT_AUDIO\DEBUG\QT_AUDIO.PDB
E:\CODE_EXPERIMENT\CPP_CODE_EXPERIMENT\TRY_QT_AUDIO\QT_AUDIO1.1\QT_AUDIO\GENERATEDFILES\DEBUG\MOC_WIDGET.CPP
E:\CODE_EXPERIMENT\CPP_CODE_EXPERIMENT\TRY_QT_AUDIO\QT_AUDIO1.1\QT_AUDIO\GENERATEDFILES\UI_WIDGET.H
E:\code_experiment\Cpp_code_experiment\try_qt_audio\qt_audio1.1\qt_audio\Win32\Debug\cl.command.1.tlog
E:\code_experiment\Cpp_code_experiment\try_qt_audio\qt_audio1.1\qt_audio\Win32\Debug\CL.read.1.tlog
E:\code_experiment\Cpp_code_experiment\try_qt_audio\qt_audio1.1\qt_audio\Win32\Debug\CL.write.1.tlog
E:\code_experiment\Cpp_code_experiment\try_qt_audio\qt_audio1.1\qt_audio\Win32\Debug\custombuild.command.1.tlog
E:\code_experiment\Cpp_code_experiment\try_qt_audio\qt_audio1.1\qt_audio\Win32\Debug\custombuild.read.1.tlog
E:\code_experiment\Cpp_code_experiment\try_qt_audio\qt_audio1.1\qt_audio\Win32\Debug\custombuild.write.1.tlog
E:\code_experiment\Cpp_code_experiment\try_qt_audio\qt_audio1.1\qt_audio\Win32\Debug\link.command.1.tlog
E:\code_experiment\Cpp_code_experiment\try_qt_audio\qt_audio1.1\qt_audio\Win32\Debug\link.read.1.tlog
E:\code_experiment\Cpp_code_experiment\try_qt_audio\qt_audio1.1\qt_audio\Win32\Debug\link.write.1.tlog
E:\CODE_EXPERIMENT\CPP_CODE_EXPERIMENT\TRY_QT_AUDIO\QT_AUDIO1.1\QT_AUDIO\WIN32\DEBUG\MAIN.OBJ
E:\CODE_EXPERIMENT\CPP_CODE_EXPERIMENT\TRY_QT_AUDIO\QT_AUDIO1.1\QT_AUDIO\WIN32\DEBUG\MOC_WIDGET.OBJ
E:\code_experiment\Cpp_code_experiment\try_qt_audio\qt_audio1.1\qt_audio\Win32\Debug\mt.command.1.tlog
E:\code_experiment\Cpp_code_experiment\try_qt_audio\qt_audio1.1\qt_audio\Win32\Debug\mt.read.1.tlog
E:\code_experiment\Cpp_code_experiment\try_qt_audio\qt_audio1.1\qt_audio\Win32\Debug\mt.write.1.tlog
E:\CODE_EXPERIMENT\CPP_CODE_EXPERIMENT\TRY_QT_AUDIO\QT_AUDIO1.1\QT_AUDIO\WIN32\DEBUG\QT_AUDIO.EXE.INTERMEDIATE.MANIFEST
E:\code_experiment\Cpp_code_experiment\try_qt_audio\qt_audio1.1\qt_audio\Win32\Debug\qt_audio.write.1.tlog
E:\CODE_EXPERIMENT\CPP_CODE_EXPERIMENT\TRY_QT_AUDIO\QT_AUDIO1.1\QT_AUDIO\WIN32\DEBUG\SOUNDPROCESSOR.OBJ
E:\CODE_EXPERIMENT\CPP_CODE_EXPERIMENT\TRY_QT_AUDIO\QT_AUDIO1.1\QT_AUDIO\WIN32\DEBUG\VC100.PDB
E:\CODE_EXPERIMENT\CPP_CODE_EXPERIMENT\TRY_QT_AUDIO\QT_AUDIO1.1\QT_AUDIO\WIN32\DEBUG\WIDGET.OBJ
