Build started 2016/7/19 11:16:07.
     1>Project "E:\code_experiment\Cpp_code_experiment\try_qt_audio\qt_audio1.1\qt_audio\qt_audio.vcxproj" on node 2 (build target(s)).
     1>C:\Program Files\MSBuild\Microsoft.Cpp\v4.0\Microsoft.CppBuild.targets(298,5): warning MSB8004: Intermediate Directory does not end with a trailing slash.  This build instance will add the slash as it is required to allow proper evaluation of the Intermediate Directory.
     1>InitializeBuildStatus:
         Creating "Win32\Release\qt_audio.unsuccessfulbuild" because "AlwaysCreate" was specified.
       CustomBuild:
         All outputs are up-to-date.
       ClCompile:
         c:\Program Files\Microsoft Visual Studio 10.0\VC\bin\CL.exe /c /ID:\Software\Qt\4.8.6\include\QtCore /ID:\Software\Qt\4.8.6\include\QtGui /ID:\Software\Qt\4.8.6\include\QtMultimedia /ID:\Software\Qt\4.8.6\include /ID:\Software\Qt\4.8.6\include\ActiveQt /Irelease /I. /ID:\Software\Qt\4.8.6\mkspecs\default /I.\GeneratedFiles /Zi /nologo /W3 /WX- /O2 /Oy- /D _WINDOWS /D UNICODE /D WIN32 /D QT_DLL /D QT_NO_DEBUG /D QT_MULTIMEDIA_LIB /D QT_GUI_LIB /D QT_CORE_LIB /D QT_HAVE_MMX /D QT_HAVE_3DNOW /D QT_HAVE_SSE /D QT_HAVE_MMXEXT /D QT_HAVE_SSE2 /D QT_THREAD_SUPPORT /D NDEBUG /Gm- /EHsc /MD /GS /fp:precise /Zc:wchar_t- /Zc:forScope /GR /Fo"Win32\Release\\" /Fd"Win32\Release\vc100.pdb" /Gd /TP /analyze- /errorReport:prompt widget.cpp -Zm200 -w34100 -w34189 
         widget.cpp
       Link:
         c:\Program Files\Microsoft Visual Studio 10.0\VC\bin\link.exe /ERRORREPORT:PROMPT /OUT:"release\\qt_audio.exe" /INCREMENTAL:NO /NOLOGO /LIBPATH:D:\Software\Qt\4.8.6\lib /LIBPATH:D:\Software\Qt\4.8.6\lib D:\Software\Qt\4.8.6\lib\qtmain.lib D:\Software\Qt\4.8.6\lib\QtMultimedia4.lib D:\Software\Qt\4.8.6\lib\QtGui4.lib D:\Software\Qt\4.8.6\lib\QtCore4.lib SoundTouch.lib kernel32.lib user32.lib gdi32.lib winspool.lib comdlg32.lib advapi32.lib shell32.lib ole32.lib oleaut32.lib uuid.lib odbc32.lib odbccp32.lib /MANIFEST /ManifestFile:"Win32\Release\qt_audio.exe.intermediate.manifest" /MANIFESTUAC:"level='asInvoker' uiAccess='false'" /PDB:"E:\code_experiment\Cpp_code_experiment\try_qt_audio\qt_audio1.1\qt_audio\release\qt_audio.pdb" /SUBSYSTEM:WINDOWS /TLBID:1 /DYNAMICBASE /NXCOMPAT /MACHINE:X86 Win32\Release\moc_widget.obj
         Win32\Release\main.obj
         Win32\Release\SoundProcessor.obj
         Win32\Release\widget.obj "/MANIFESTDEPENDENCY:type='win32' name='Microsoft.Windows.Common-Controls' version='6.0.0.0' publicKeyToken='6595b64144ccf1df' language='*' processorArchitecture='*'" 
     1>LINK : warning LNK4098: defaultlib 'LIBCMT' conflicts with use of other libs; use /NODEFAULTLIB:library
         qt_audio.vcxproj -> E:\code_experiment\Cpp_code_experiment\try_qt_audio\qt_audio1.1\qt_audio\release\qt_audio.exe
       Manifest:
         c:\Program Files\Microsoft SDKs\Windows\v7.0A\bin\mt.exe /nologo /verbose /outputresource:"release\\qt_audio.exe;#1" /manifest Win32\Release\qt_audio.exe.intermediate.manifest
       FinalizeBuildStatus:
         Deleting file "Win32\Release\qt_audio.unsuccessfulbuild".
         Touching "Win32\Release\qt_audio.lastbuildstate".
     1>Done Building Project "E:\code_experiment\Cpp_code_experiment\try_qt_audio\qt_audio1.1\qt_audio\qt_audio.vcxproj" (build target(s)).

Build succeeded.

Time Elapsed 00:00:04.04
